Arguments: 
  /Users/yeohyun.kim-mcair/.nvm/versions/node/v16.2.0/bin/node /Users/yeohyun.kim-mcair/.nvm/versions/node/v16.2.0/bin/yarn init

PATH: 
  /Users/yeohyun.kim-mcair/.nvm/versions/node/v16.2.0/bin:/usr/local/bin:/usr/bin:/bin:/usr/sbin:/sbin:/Users/yeohyun.kim-mcair/.nvm/versions/node/v16.2.0/bin:/opt/homebrew/bin:/opt/homebrew/sbin

Yarn version: 
  1.22.11

Node version: 
  16.2.0

Platform: 
  darwin arm64

Trace: 
  SyntaxError: /Users/yeohyun.kim-mcair/Desktop/codecamp_3기_김여현/class_backend/package.json: Unexpected end of JSON input
      at JSON.parse (<anonymous>)
      at /Users/yeohyun.kim-mcair/.nvm/versions/node/v16.2.0/lib/node_modules/yarn/lib/cli.js:1625:59
      at Generator.next (<anonymous>)
      at step (/Users/yeohyun.kim-mcair/.nvm/versions/node/v16.2.0/lib/node_modules/yarn/lib/cli.js:310:30)
      at /Users/yeohyun.kim-mcair/.nvm/versions/node/v16.2.0/lib/node_modules/yarn/lib/cli.js:321:13

npm manifest: 
  

yarn manifest: 
  No manifest

Lockfile: 
  No lockfile
